05-Jun-2018 21:16:34.339 INFO [main] org.apache.catalina.startup.VersionLoggerListener.log Server version:        Apache Tomcat/9.0.8
05-Jun-2018 21:16:34.339 INFO [main] org.apache.catalina.startup.VersionLoggerListener.log Server built:          Apr 27 2018 19:32:00 UTC
05-Jun-2018 21:16:34.339 INFO [main] org.apache.catalina.startup.VersionLoggerListener.log Server number:         9.0.8.0
05-Jun-2018 21:16:34.339 INFO [main] org.apache.catalina.startup.VersionLoggerListener.log OS Name:               Windows 10
05-Jun-2018 21:16:34.339 INFO [main] org.apache.catalina.startup.VersionLoggerListener.log OS Version:            10.0
05-Jun-2018 21:16:34.339 INFO [main] org.apache.catalina.startup.VersionLoggerListener.log Architecture:          amd64
05-Jun-2018 21:16:34.339 INFO [main] org.apache.catalina.startup.VersionLoggerListener.log Java Home:             C:\Program Files\Java\jdk-10.0.1
05-Jun-2018 21:16:34.339 INFO [main] org.apache.catalina.startup.VersionLoggerListener.log JVM Version:           10.0.1+10
05-Jun-2018 21:16:34.339 INFO [main] org.apache.catalina.startup.VersionLoggerListener.log JVM Vendor:            "Oracle Corporation"
05-Jun-2018 21:16:34.339 INFO [main] org.apache.catalina.startup.VersionLoggerListener.log CATALINA_BASE:         E:\PD\Repo\progdistrib2018\JavaApp\apache-tomcat-9.0.8
05-Jun-2018 21:16:34.339 INFO [main] org.apache.catalina.startup.VersionLoggerListener.log CATALINA_HOME:         E:\PD\Repo\progdistrib2018\JavaApp\apache-tomcat-9.0.8
05-Jun-2018 21:16:34.339 INFO [main] org.apache.catalina.startup.VersionLoggerListener.log Command line argument: --add-opens=java.base/java.lang=ALL-UNNAMED
05-Jun-2018 21:16:34.339 INFO [main] org.apache.catalina.startup.VersionLoggerListener.log Command line argument: --add-opens=java.base/java.io=ALL-UNNAMED
05-Jun-2018 21:16:34.339 INFO [main] org.apache.catalina.startup.VersionLoggerListener.log Command line argument: --add-opens=java.rmi/sun.rmi.transport=ALL-UNNAMED
05-Jun-2018 21:16:34.339 INFO [main] org.apache.catalina.startup.VersionLoggerListener.log Command line argument: -Djava.util.logging.config.file=E:\PD\Repo\progdistrib2018\JavaApp\apache-tomcat-9.0.8\conf\logging.properties
05-Jun-2018 21:16:34.339 INFO [main] org.apache.catalina.startup.VersionLoggerListener.log Command line argument: -Djava.util.logging.manager=org.apache.juli.ClassLoaderLogManager
05-Jun-2018 21:16:34.339 INFO [main] org.apache.catalina.startup.VersionLoggerListener.log Command line argument: -Djdk.tls.ephemeralDHKeySize=2048
05-Jun-2018 21:16:34.339 INFO [main] org.apache.catalina.startup.VersionLoggerListener.log Command line argument: -Djava.protocol.handler.pkgs=org.apache.catalina.webresources
05-Jun-2018 21:16:34.339 INFO [main] org.apache.catalina.startup.VersionLoggerListener.log Command line argument: -Dignore.endorsed.dirs=
05-Jun-2018 21:16:34.339 INFO [main] org.apache.catalina.startup.VersionLoggerListener.log Command line argument: -Dcatalina.base=E:\PD\Repo\progdistrib2018\JavaApp\apache-tomcat-9.0.8
05-Jun-2018 21:16:34.339 INFO [main] org.apache.catalina.startup.VersionLoggerListener.log Command line argument: -Dcatalina.home=E:\PD\Repo\progdistrib2018\JavaApp\apache-tomcat-9.0.8
05-Jun-2018 21:16:34.339 INFO [main] org.apache.catalina.startup.VersionLoggerListener.log Command line argument: -Djava.io.tmpdir=E:\PD\Repo\progdistrib2018\JavaApp\apache-tomcat-9.0.8\temp
05-Jun-2018 21:16:34.339 INFO [main] org.apache.catalina.core.AprLifecycleListener.lifecycleEvent The APR based Apache Tomcat Native library which allows optimal performance in production environments was not found on the java.library.path: [C:\Program Files\Java\jdk-10.0.1\bin;C:\WINDOWS\Sun\Java\bin;C:\WINDOWS\system32;C:\WINDOWS;C:\ProgramData\Oracle\Java\javapath;C:\Program Files (x86)\Common Files\Oracle\Java\javapath;C:\Program Files\Microsoft MPI\Bin\;C:\Program Files (x86)\Intel\Intel(R) Management Engine Components\iCLS\;C:\Program Files\Intel\Intel(R) Management Engine Components\iCLS\;C:\WINDOWS\system32;C:\WINDOWS;C:\WINDOWS\System32\Wbem;C:\WINDOWS\System32\WindowsPowerShell\v1.0\;C:\WINDOWS\System32\OpenSSH\;C:\Program Files\dotnet\;C:\Program Files\Microsoft SQL Server\130\Tools\Binn\;C:\Program Files\nodejs\;C:\Program Files (x86)\Yarn\bin\;C:\Program Files\Git\cmd;C:\Program Files (x86)\Intel\Intel(R) Management Engine Components\DAL;C:\Program Files\Intel\Intel(R) Management Engine Components\DAL;C:\Program Files (x86)\Intel\Intel(R) Management Engine Components\IPT;C:\Program Files\Intel\Intel(R) Management Engine Components\IPT;C:\Program Files (x86)\Microsoft SQL Server\Client SDK\ODBC\130\Tools\Binn\;C:\Program Files (x86)\Microsoft SQL Server\140\Tools\Binn\;C:\Program Files (x86)\Microsoft SQL Server\140\DTS\Binn\;C:\Program Files (x86)\Microsoft SQL Server\140\Tools\Binn\ManagementStudio\;C:\Program Files\Microsoft SQL Server\140\Tools\Binn\;C:\Program Files\Microsoft SQL Server\140\DTS\Binn\;C:\Program Files\Microsoft SQL Server\Client SDK\ODBC\130\Tools\Binn\;C:\Users\seedbr4d\AppData\Local\Microsoft\WindowsApps;C:\Program Files\Microsoft VS Code\bin;C:\Users\seedbr4d\AppData\Roaming\npm;C:\Users\seedbr4d\AppData\Local\Yarn\bin;C:\Program Files\Java\jdk-10.0.1\bin;.]
05-Jun-2018 21:16:34.386 INFO [main] org.apache.coyote.AbstractProtocol.init Initializing ProtocolHandler ["http-nio-8080"]
05-Jun-2018 21:16:34.480 INFO [main] org.apache.tomcat.util.net.NioSelectorPool.getSharedSelector Using a shared selector for servlet write/read
05-Jun-2018 21:16:34.480 INFO [main] org.apache.coyote.AbstractProtocol.init Initializing ProtocolHandler ["ajp-nio-8009"]
05-Jun-2018 21:16:34.480 INFO [main] org.apache.tomcat.util.net.NioSelectorPool.getSharedSelector Using a shared selector for servlet write/read
05-Jun-2018 21:16:34.480 INFO [main] org.apache.catalina.startup.Catalina.load Initialization processed in 525 ms
05-Jun-2018 21:16:34.526 INFO [main] org.apache.catalina.core.StandardService.startInternal Starting service [Catalina]
05-Jun-2018 21:16:34.526 INFO [main] org.apache.catalina.core.StandardEngine.startInternal Starting Servlet Engine: Apache Tomcat/9.0.8
05-Jun-2018 21:16:34.558 INFO [main] org.apache.catalina.startup.HostConfig.deployWAR Deploying web application archive [E:\PD\Repo\progdistrib2018\JavaApp\apache-tomcat-9.0.8\webapps\sumJSP.war]
05-Jun-2018 21:16:34.903 INFO [main] org.apache.catalina.startup.HostConfig.deployWAR Deployment of web application archive [E:\PD\Repo\progdistrib2018\JavaApp\apache-tomcat-9.0.8\webapps\sumJSP.war] has finished in [345] ms
05-Jun-2018 21:16:34.903 INFO [main] org.apache.catalina.startup.HostConfig.deployDirectory Deploying web application directory [E:\PD\Repo\progdistrib2018\JavaApp\apache-tomcat-9.0.8\webapps\docs]
05-Jun-2018 21:16:34.934 INFO [main] org.apache.catalina.startup.HostConfig.deployDirectory Deployment of web application directory [E:\PD\Repo\progdistrib2018\JavaApp\apache-tomcat-9.0.8\webapps\docs] has finished in [31] ms
05-Jun-2018 21:16:34.934 INFO [main] org.apache.catalina.startup.HostConfig.deployDirectory Deploying web application directory [E:\PD\Repo\progdistrib2018\JavaApp\apache-tomcat-9.0.8\webapps\examples]
05-Jun-2018 21:16:35.190 INFO [main] org.apache.catalina.startup.HostConfig.deployDirectory Deployment of web application directory [E:\PD\Repo\progdistrib2018\JavaApp\apache-tomcat-9.0.8\webapps\examples] has finished in [256] ms
05-Jun-2018 21:16:35.191 INFO [main] org.apache.catalina.startup.HostConfig.deployDirectory Deploying web application directory [E:\PD\Repo\progdistrib2018\JavaApp\apache-tomcat-9.0.8\webapps\host-manager]
05-Jun-2018 21:16:35.234 INFO [main] org.apache.catalina.startup.HostConfig.deployDirectory Deployment of web application directory [E:\PD\Repo\progdistrib2018\JavaApp\apache-tomcat-9.0.8\webapps\host-manager] has finished in [43] ms
05-Jun-2018 21:16:35.236 INFO [main] org.apache.catalina.startup.HostConfig.deployDirectory Deploying web application directory [E:\PD\Repo\progdistrib2018\JavaApp\apache-tomcat-9.0.8\webapps\manager]
05-Jun-2018 21:16:35.271 INFO [main] org.apache.catalina.startup.HostConfig.deployDirectory Deployment of web application directory [E:\PD\Repo\progdistrib2018\JavaApp\apache-tomcat-9.0.8\webapps\manager] has finished in [36] ms
05-Jun-2018 21:16:35.272 INFO [main] org.apache.catalina.startup.HostConfig.deployDirectory Deploying web application directory [E:\PD\Repo\progdistrib2018\JavaApp\apache-tomcat-9.0.8\webapps\ROOT]
05-Jun-2018 21:16:35.300 INFO [main] org.apache.catalina.startup.HostConfig.deployDirectory Deployment of web application directory [E:\PD\Repo\progdistrib2018\JavaApp\apache-tomcat-9.0.8\webapps\ROOT] has finished in [27] ms
05-Jun-2018 21:16:35.306 INFO [main] org.apache.coyote.AbstractProtocol.start Starting ProtocolHandler ["http-nio-8080"]
05-Jun-2018 21:16:35.316 INFO [main] org.apache.coyote.AbstractProtocol.start Starting ProtocolHandler ["ajp-nio-8009"]
05-Jun-2018 21:16:35.323 INFO [main] org.apache.catalina.startup.Catalina.start Server startup in 833 ms
05-Jun-2018 21:18:36.364 INFO [Thread-4] org.apache.coyote.AbstractProtocol.pause Pausing ProtocolHandler ["http-nio-8080"]
05-Jun-2018 21:18:36.484 INFO [Thread-4] org.apache.coyote.AbstractProtocol.pause Pausing ProtocolHandler ["ajp-nio-8009"]
05-Jun-2018 21:18:36.601 INFO [Thread-4] org.apache.catalina.core.StandardService.stopInternal Stopping service [Catalina]
05-Jun-2018 21:18:36.659 INFO [Thread-4] org.apache.coyote.AbstractProtocol.stop Stopping ProtocolHandler ["http-nio-8080"]
05-Jun-2018 21:18:36.662 INFO [Thread-4] org.apache.coyote.AbstractProtocol.stop Stopping ProtocolHandler ["ajp-nio-8009"]
05-Jun-2018 21:18:36.666 INFO [Thread-4] org.apache.coyote.AbstractProtocol.destroy Destroying ProtocolHandler ["http-nio-8080"]
05-Jun-2018 21:18:36.668 INFO [Thread-4] org.apache.coyote.AbstractProtocol.destroy Destroying ProtocolHandler ["ajp-nio-8009"]
05-Jun-2018 21:18:41.768 INFO [main] org.apache.catalina.startup.VersionLoggerListener.log Server version:        Apache Tomcat/9.0.8
05-Jun-2018 21:18:41.771 INFO [main] org.apache.catalina.startup.VersionLoggerListener.log Server built:          Apr 27 2018 19:32:00 UTC
05-Jun-2018 21:18:41.772 INFO [main] org.apache.catalina.startup.VersionLoggerListener.log Server number:         9.0.8.0
05-Jun-2018 21:18:41.772 INFO [main] org.apache.catalina.startup.VersionLoggerListener.log OS Name:               Windows 10
05-Jun-2018 21:18:41.779 INFO [main] org.apache.catalina.startup.VersionLoggerListener.log OS Version:            10.0
05-Jun-2018 21:18:41.780 INFO [main] org.apache.catalina.startup.VersionLoggerListener.log Architecture:          amd64
05-Jun-2018 21:18:41.781 INFO [main] org.apache.catalina.startup.VersionLoggerListener.log Java Home:             C:\Program Files\Java\jdk-10.0.1
05-Jun-2018 21:18:41.781 INFO [main] org.apache.catalina.startup.VersionLoggerListener.log JVM Version:           10.0.1+10
05-Jun-2018 21:18:41.782 INFO [main] org.apache.catalina.startup.VersionLoggerListener.log JVM Vendor:            "Oracle Corporation"
05-Jun-2018 21:18:41.782 INFO [main] org.apache.catalina.startup.VersionLoggerListener.log CATALINA_BASE:         E:\PD\Repo\progdistrib2018\JavaApp\apache-tomcat-9.0.8
05-Jun-2018 21:18:41.782 INFO [main] org.apache.catalina.startup.VersionLoggerListener.log CATALINA_HOME:         E:\PD\Repo\progdistrib2018\JavaApp\apache-tomcat-9.0.8
05-Jun-2018 21:18:41.783 INFO [main] org.apache.catalina.startup.VersionLoggerListener.log Command line argument: --add-opens=java.base/java.lang=ALL-UNNAMED
05-Jun-2018 21:18:41.783 INFO [main] org.apache.catalina.startup.VersionLoggerListener.log Command line argument: --add-opens=java.base/java.io=ALL-UNNAMED
05-Jun-2018 21:18:41.784 INFO [main] org.apache.catalina.startup.VersionLoggerListener.log Command line argument: --add-opens=java.rmi/sun.rmi.transport=ALL-UNNAMED
05-Jun-2018 21:18:41.784 INFO [main] org.apache.catalina.startup.VersionLoggerListener.log Command line argument: -Djava.util.logging.config.file=E:\PD\Repo\progdistrib2018\JavaApp\apache-tomcat-9.0.8\conf\logging.properties
05-Jun-2018 21:18:41.785 INFO [main] org.apache.catalina.startup.VersionLoggerListener.log Command line argument: -Djava.util.logging.manager=org.apache.juli.ClassLoaderLogManager
05-Jun-2018 21:18:41.785 INFO [main] org.apache.catalina.startup.VersionLoggerListener.log Command line argument: -Djdk.tls.ephemeralDHKeySize=2048
05-Jun-2018 21:18:41.786 INFO [main] org.apache.catalina.startup.VersionLoggerListener.log Command line argument: -Djava.protocol.handler.pkgs=org.apache.catalina.webresources
05-Jun-2018 21:18:41.786 INFO [main] org.apache.catalina.startup.VersionLoggerListener.log Command line argument: -Dignore.endorsed.dirs=
05-Jun-2018 21:18:41.787 INFO [main] org.apache.catalina.startup.VersionLoggerListener.log Command line argument: -Dcatalina.base=E:\PD\Repo\progdistrib2018\JavaApp\apache-tomcat-9.0.8
05-Jun-2018 21:18:41.787 INFO [main] org.apache.catalina.startup.VersionLoggerListener.log Command line argument: -Dcatalina.home=E:\PD\Repo\progdistrib2018\JavaApp\apache-tomcat-9.0.8
05-Jun-2018 21:18:41.788 INFO [main] org.apache.catalina.startup.VersionLoggerListener.log Command line argument: -Djava.io.tmpdir=E:\PD\Repo\progdistrib2018\JavaApp\apache-tomcat-9.0.8\temp
05-Jun-2018 21:18:41.789 INFO [main] org.apache.catalina.core.AprLifecycleListener.lifecycleEvent The APR based Apache Tomcat Native library which allows optimal performance in production environments was not found on the java.library.path: [C:\Program Files\Java\jdk-10.0.1\bin;C:\WINDOWS\Sun\Java\bin;C:\WINDOWS\system32;C:\WINDOWS;C:\ProgramData\Oracle\Java\javapath;C:\Program Files (x86)\Common Files\Oracle\Java\javapath;C:\Program Files\Microsoft MPI\Bin\;C:\Program Files (x86)\Intel\Intel(R) Management Engine Components\iCLS\;C:\Program Files\Intel\Intel(R) Management Engine Components\iCLS\;C:\WINDOWS\system32;C:\WINDOWS;C:\WINDOWS\System32\Wbem;C:\WINDOWS\System32\WindowsPowerShell\v1.0\;C:\WINDOWS\System32\OpenSSH\;C:\Program Files\dotnet\;C:\Program Files\Microsoft SQL Server\130\Tools\Binn\;C:\Program Files\nodejs\;C:\Program Files (x86)\Yarn\bin\;C:\Program Files\Git\cmd;C:\Program Files (x86)\Intel\Intel(R) Management Engine Components\DAL;C:\Program Files\Intel\Intel(R) Management Engine Components\DAL;C:\Program Files (x86)\Intel\Intel(R) Management Engine Components\IPT;C:\Program Files\Intel\Intel(R) Management Engine Components\IPT;C:\Program Files (x86)\Microsoft SQL Server\Client SDK\ODBC\130\Tools\Binn\;C:\Program Files (x86)\Microsoft SQL Server\140\Tools\Binn\;C:\Program Files (x86)\Microsoft SQL Server\140\DTS\Binn\;C:\Program Files (x86)\Microsoft SQL Server\140\Tools\Binn\ManagementStudio\;C:\Program Files\Microsoft SQL Server\140\Tools\Binn\;C:\Program Files\Microsoft SQL Server\140\DTS\Binn\;C:\Program Files\Microsoft SQL Server\Client SDK\ODBC\130\Tools\Binn\;C:\Users\seedbr4d\AppData\Local\Microsoft\WindowsApps;C:\Program Files\Microsoft VS Code\bin;C:\Users\seedbr4d\AppData\Roaming\npm;C:\Users\seedbr4d\AppData\Local\Yarn\bin;C:\Program Files\Java\jdk-10.0.1\bin;.]
05-Jun-2018 21:18:41.828 INFO [main] org.apache.coyote.AbstractProtocol.init Initializing ProtocolHandler ["http-nio-8080"]
05-Jun-2018 21:18:41.902 INFO [main] org.apache.tomcat.util.net.NioSelectorPool.getSharedSelector Using a shared selector for servlet write/read
05-Jun-2018 21:18:41.902 INFO [main] org.apache.coyote.AbstractProtocol.init Initializing ProtocolHandler ["ajp-nio-8009"]
05-Jun-2018 21:18:41.902 INFO [main] org.apache.tomcat.util.net.NioSelectorPool.getSharedSelector Using a shared selector for servlet write/read
05-Jun-2018 21:18:41.902 INFO [main] org.apache.catalina.startup.Catalina.load Initialization processed in 549 ms
05-Jun-2018 21:18:41.964 INFO [main] org.apache.catalina.core.StandardService.startInternal Starting service [Catalina]
05-Jun-2018 21:18:41.964 INFO [main] org.apache.catalina.core.StandardEngine.startInternal Starting Servlet Engine: Apache Tomcat/9.0.8
05-Jun-2018 21:18:41.980 INFO [main] org.apache.catalina.startup.HostConfig.deployWAR Deploying web application archive [E:\PD\Repo\progdistrib2018\JavaApp\apache-tomcat-9.0.8\webapps\sumJSP.war]
05-Jun-2018 21:18:42.014 INFO [main] org.apache.catalina.startup.ExpandWar.expand An expanded directory [E:\PD\Repo\progdistrib2018\JavaApp\apache-tomcat-9.0.8\webapps\sumJSP] was found with a last modified time that did not match the associated WAR. It will be deleted.
05-Jun-2018 21:18:42.418 INFO [main] org.apache.catalina.startup.HostConfig.deployWAR Deployment of web application archive [E:\PD\Repo\progdistrib2018\JavaApp\apache-tomcat-9.0.8\webapps\sumJSP.war] has finished in [438] ms
05-Jun-2018 21:18:42.419 INFO [main] org.apache.catalina.startup.HostConfig.deployDirectory Deploying web application directory [E:\PD\Repo\progdistrib2018\JavaApp\apache-tomcat-9.0.8\webapps\docs]
05-Jun-2018 21:18:42.443 INFO [main] org.apache.catalina.startup.HostConfig.deployDirectory Deployment of web application directory [E:\PD\Repo\progdistrib2018\JavaApp\apache-tomcat-9.0.8\webapps\docs] has finished in [23] ms
05-Jun-2018 21:18:42.443 INFO [main] org.apache.catalina.startup.HostConfig.deployDirectory Deploying web application directory [E:\PD\Repo\progdistrib2018\JavaApp\apache-tomcat-9.0.8\webapps\examples]
05-Jun-2018 21:18:42.718 INFO [main] org.apache.catalina.startup.HostConfig.deployDirectory Deployment of web application directory [E:\PD\Repo\progdistrib2018\JavaApp\apache-tomcat-9.0.8\webapps\examples] has finished in [275] ms
05-Jun-2018 21:18:42.718 INFO [main] org.apache.catalina.startup.HostConfig.deployDirectory Deploying web application directory [E:\PD\Repo\progdistrib2018\JavaApp\apache-tomcat-9.0.8\webapps\host-manager]
05-Jun-2018 21:18:42.753 INFO [main] org.apache.catalina.startup.HostConfig.deployDirectory Deployment of web application directory [E:\PD\Repo\progdistrib2018\JavaApp\apache-tomcat-9.0.8\webapps\host-manager] has finished in [35] ms
05-Jun-2018 21:18:42.753 INFO [main] org.apache.catalina.startup.HostConfig.deployDirectory Deploying web application directory [E:\PD\Repo\progdistrib2018\JavaApp\apache-tomcat-9.0.8\webapps\manager]
05-Jun-2018 21:18:42.780 INFO [main] org.apache.catalina.startup.HostConfig.deployDirectory Deployment of web application directory [E:\PD\Repo\progdistrib2018\JavaApp\apache-tomcat-9.0.8\webapps\manager] has finished in [27] ms
05-Jun-2018 21:18:42.781 INFO [main] org.apache.catalina.startup.HostConfig.deployDirectory Deploying web application directory [E:\PD\Repo\progdistrib2018\JavaApp\apache-tomcat-9.0.8\webapps\ROOT]
05-Jun-2018 21:18:42.801 INFO [main] org.apache.catalina.startup.HostConfig.deployDirectory Deployment of web application directory [E:\PD\Repo\progdistrib2018\JavaApp\apache-tomcat-9.0.8\webapps\ROOT] has finished in [20] ms
05-Jun-2018 21:18:42.803 INFO [main] org.apache.coyote.AbstractProtocol.start Starting ProtocolHandler ["http-nio-8080"]
05-Jun-2018 21:18:42.814 INFO [main] org.apache.coyote.AbstractProtocol.start Starting ProtocolHandler ["ajp-nio-8009"]
05-Jun-2018 21:18:42.816 INFO [main] org.apache.catalina.startup.Catalina.start Server startup in 899 ms
05-Jun-2018 21:22:01.785 INFO [Thread-4] org.apache.coyote.AbstractProtocol.pause Pausing ProtocolHandler ["http-nio-8080"]
05-Jun-2018 21:22:01.905 INFO [Thread-4] org.apache.coyote.AbstractProtocol.pause Pausing ProtocolHandler ["ajp-nio-8009"]
05-Jun-2018 21:22:02.022 INFO [Thread-4] org.apache.catalina.core.StandardService.stopInternal Stopping service [Catalina]
05-Jun-2018 21:22:02.084 INFO [Thread-4] org.apache.coyote.AbstractProtocol.stop Stopping ProtocolHandler ["http-nio-8080"]
05-Jun-2018 21:22:02.087 INFO [Thread-4] org.apache.coyote.AbstractProtocol.stop Stopping ProtocolHandler ["ajp-nio-8009"]
05-Jun-2018 21:22:02.092 INFO [Thread-4] org.apache.coyote.AbstractProtocol.destroy Destroying ProtocolHandler ["http-nio-8080"]
05-Jun-2018 21:22:02.094 INFO [Thread-4] org.apache.coyote.AbstractProtocol.destroy Destroying ProtocolHandler ["ajp-nio-8009"]
05-Jun-2018 21:22:05.799 INFO [main] org.apache.catalina.startup.VersionLoggerListener.log Server version:        Apache Tomcat/9.0.8
05-Jun-2018 21:22:05.799 INFO [main] org.apache.catalina.startup.VersionLoggerListener.log Server built:          Apr 27 2018 19:32:00 UTC
05-Jun-2018 21:22:05.799 INFO [main] org.apache.catalina.startup.VersionLoggerListener.log Server number:         9.0.8.0
05-Jun-2018 21:22:05.799 INFO [main] org.apache.catalina.startup.VersionLoggerListener.log OS Name:               Windows 10
05-Jun-2018 21:22:05.799 INFO [main] org.apache.catalina.startup.VersionLoggerListener.log OS Version:            10.0
05-Jun-2018 21:22:05.799 INFO [main] org.apache.catalina.startup.VersionLoggerListener.log Architecture:          amd64
05-Jun-2018 21:22:05.799 INFO [main] org.apache.catalina.startup.VersionLoggerListener.log Java Home:             C:\Program Files\Java\jdk-10.0.1
05-Jun-2018 21:22:05.799 INFO [main] org.apache.catalina.startup.VersionLoggerListener.log JVM Version:           10.0.1+10
05-Jun-2018 21:22:05.799 INFO [main] org.apache.catalina.startup.VersionLoggerListener.log JVM Vendor:            "Oracle Corporation"
05-Jun-2018 21:22:05.799 INFO [main] org.apache.catalina.startup.VersionLoggerListener.log CATALINA_BASE:         E:\PD\Repo\progdistrib2018\JavaApp\apache-tomcat-9.0.8
05-Jun-2018 21:22:05.799 INFO [main] org.apache.catalina.startup.VersionLoggerListener.log CATALINA_HOME:         E:\PD\Repo\progdistrib2018\JavaApp\apache-tomcat-9.0.8
05-Jun-2018 21:22:05.799 INFO [main] org.apache.catalina.startup.VersionLoggerListener.log Command line argument: --add-opens=java.base/java.lang=ALL-UNNAMED
05-Jun-2018 21:22:05.799 INFO [main] org.apache.catalina.startup.VersionLoggerListener.log Command line argument: --add-opens=java.base/java.io=ALL-UNNAMED
05-Jun-2018 21:22:05.799 INFO [main] org.apache.catalina.startup.VersionLoggerListener.log Command line argument: --add-opens=java.rmi/sun.rmi.transport=ALL-UNNAMED
05-Jun-2018 21:22:05.799 INFO [main] org.apache.catalina.startup.VersionLoggerListener.log Command line argument: -Djava.util.logging.config.file=E:\PD\Repo\progdistrib2018\JavaApp\apache-tomcat-9.0.8\conf\logging.properties
05-Jun-2018 21:22:05.799 INFO [main] org.apache.catalina.startup.VersionLoggerListener.log Command line argument: -Djava.util.logging.manager=org.apache.juli.ClassLoaderLogManager
05-Jun-2018 21:22:05.799 INFO [main] org.apache.catalina.startup.VersionLoggerListener.log Command line argument: -Djdk.tls.ephemeralDHKeySize=2048
05-Jun-2018 21:22:05.799 INFO [main] org.apache.catalina.startup.VersionLoggerListener.log Command line argument: -Djava.protocol.handler.pkgs=org.apache.catalina.webresources
05-Jun-2018 21:22:05.799 INFO [main] org.apache.catalina.startup.VersionLoggerListener.log Command line argument: -Dignore.endorsed.dirs=
05-Jun-2018 21:22:05.799 INFO [main] org.apache.catalina.startup.VersionLoggerListener.log Command line argument: -Dcatalina.base=E:\PD\Repo\progdistrib2018\JavaApp\apache-tomcat-9.0.8
05-Jun-2018 21:22:05.799 INFO [main] org.apache.catalina.startup.VersionLoggerListener.log Command line argument: -Dcatalina.home=E:\PD\Repo\progdistrib2018\JavaApp\apache-tomcat-9.0.8
05-Jun-2018 21:22:05.799 INFO [main] org.apache.catalina.startup.VersionLoggerListener.log Command line argument: -Djava.io.tmpdir=E:\PD\Repo\progdistrib2018\JavaApp\apache-tomcat-9.0.8\temp
05-Jun-2018 21:22:05.799 INFO [main] org.apache.catalina.core.AprLifecycleListener.lifecycleEvent The APR based Apache Tomcat Native library which allows optimal performance in production environments was not found on the java.library.path: [C:\Program Files\Java\jdk-10.0.1\bin;C:\WINDOWS\Sun\Java\bin;C:\WINDOWS\system32;C:\WINDOWS;C:\ProgramData\Oracle\Java\javapath;C:\Program Files (x86)\Common Files\Oracle\Java\javapath;C:\Program Files\Microsoft MPI\Bin\;C:\Program Files (x86)\Intel\Intel(R) Management Engine Components\iCLS\;C:\Program Files\Intel\Intel(R) Management Engine Components\iCLS\;C:\WINDOWS\system32;C:\WINDOWS;C:\WINDOWS\System32\Wbem;C:\WINDOWS\System32\WindowsPowerShell\v1.0\;C:\WINDOWS\System32\OpenSSH\;C:\Program Files\dotnet\;C:\Program Files\Microsoft SQL Server\130\Tools\Binn\;C:\Program Files\nodejs\;C:\Program Files (x86)\Yarn\bin\;C:\Program Files\Git\cmd;C:\Program Files (x86)\Intel\Intel(R) Management Engine Components\DAL;C:\Program Files\Intel\Intel(R) Management Engine Components\DAL;C:\Program Files (x86)\Intel\Intel(R) Management Engine Components\IPT;C:\Program Files\Intel\Intel(R) Management Engine Components\IPT;C:\Program Files (x86)\Microsoft SQL Server\Client SDK\ODBC\130\Tools\Binn\;C:\Program Files (x86)\Microsoft SQL Server\140\Tools\Binn\;C:\Program Files (x86)\Microsoft SQL Server\140\DTS\Binn\;C:\Program Files (x86)\Microsoft SQL Server\140\Tools\Binn\ManagementStudio\;C:\Program Files\Microsoft SQL Server\140\Tools\Binn\;C:\Program Files\Microsoft SQL Server\140\DTS\Binn\;C:\Program Files\Microsoft SQL Server\Client SDK\ODBC\130\Tools\Binn\;C:\Users\seedbr4d\AppData\Local\Microsoft\WindowsApps;C:\Program Files\Microsoft VS Code\bin;C:\Users\seedbr4d\AppData\Roaming\npm;C:\Users\seedbr4d\AppData\Local\Yarn\bin;C:\Program Files\Java\jdk-10.0.1\bin;.]
05-Jun-2018 21:22:05.845 INFO [main] org.apache.coyote.AbstractProtocol.init Initializing ProtocolHandler ["http-nio-8080"]
05-Jun-2018 21:22:05.939 INFO [main] org.apache.tomcat.util.net.NioSelectorPool.getSharedSelector Using a shared selector for servlet write/read
05-Jun-2018 21:22:05.939 INFO [main] org.apache.coyote.AbstractProtocol.init Initializing ProtocolHandler ["ajp-nio-8009"]
05-Jun-2018 21:22:05.939 INFO [main] org.apache.tomcat.util.net.NioSelectorPool.getSharedSelector Using a shared selector for servlet write/read
05-Jun-2018 21:22:05.939 INFO [main] org.apache.catalina.startup.Catalina.load Initialization processed in 496 ms
05-Jun-2018 21:22:06.002 INFO [main] org.apache.catalina.core.StandardService.startInternal Starting service [Catalina]
05-Jun-2018 21:22:06.002 INFO [main] org.apache.catalina.core.StandardEngine.startInternal Starting Servlet Engine: Apache Tomcat/9.0.8
05-Jun-2018 21:22:06.017 INFO [main] org.apache.catalina.startup.HostConfig.deployWAR Deploying web application archive [E:\PD\Repo\progdistrib2018\JavaApp\apache-tomcat-9.0.8\webapps\sumJSP.war]
05-Jun-2018 21:22:06.033 INFO [main] org.apache.catalina.startup.ExpandWar.expand An expanded directory [E:\PD\Repo\progdistrib2018\JavaApp\apache-tomcat-9.0.8\webapps\sumJSP] was found with a last modified time that did not match the associated WAR. It will be deleted.
05-Jun-2018 21:22:06.364 INFO [main] org.apache.catalina.startup.HostConfig.deployWAR Deployment of web application archive [E:\PD\Repo\progdistrib2018\JavaApp\apache-tomcat-9.0.8\webapps\sumJSP.war] has finished in [347] ms
05-Jun-2018 21:22:06.364 INFO [main] org.apache.catalina.startup.HostConfig.deployDirectory Deploying web application directory [E:\PD\Repo\progdistrib2018\JavaApp\apache-tomcat-9.0.8\webapps\docs]
05-Jun-2018 21:22:06.379 INFO [main] org.apache.catalina.startup.HostConfig.deployDirectory Deployment of web application directory [E:\PD\Repo\progdistrib2018\JavaApp\apache-tomcat-9.0.8\webapps\docs] has finished in [15] ms
05-Jun-2018 21:22:06.379 INFO [main] org.apache.catalina.startup.HostConfig.deployDirectory Deploying web application directory [E:\PD\Repo\progdistrib2018\JavaApp\apache-tomcat-9.0.8\webapps\examples]
05-Jun-2018 21:22:06.660 INFO [main] org.apache.catalina.startup.HostConfig.deployDirectory Deployment of web application directory [E:\PD\Repo\progdistrib2018\JavaApp\apache-tomcat-9.0.8\webapps\examples] has finished in [281] ms
05-Jun-2018 21:22:06.661 INFO [main] org.apache.catalina.startup.HostConfig.deployDirectory Deploying web application directory [E:\PD\Repo\progdistrib2018\JavaApp\apache-tomcat-9.0.8\webapps\host-manager]
05-Jun-2018 21:22:06.708 INFO [main] org.apache.catalina.startup.HostConfig.deployDirectory Deployment of web application directory [E:\PD\Repo\progdistrib2018\JavaApp\apache-tomcat-9.0.8\webapps\host-manager] has finished in [46] ms
05-Jun-2018 21:22:06.708 INFO [main] org.apache.catalina.startup.HostConfig.deployDirectory Deploying web application directory [E:\PD\Repo\progdistrib2018\JavaApp\apache-tomcat-9.0.8\webapps\manager]
05-Jun-2018 21:22:06.738 INFO [main] org.apache.catalina.startup.HostConfig.deployDirectory Deployment of web application directory [E:\PD\Repo\progdistrib2018\JavaApp\apache-tomcat-9.0.8\webapps\manager] has finished in [30] ms
05-Jun-2018 21:22:06.739 INFO [main] org.apache.catalina.startup.HostConfig.deployDirectory Deploying web application directory [E:\PD\Repo\progdistrib2018\JavaApp\apache-tomcat-9.0.8\webapps\ROOT]
05-Jun-2018 21:22:06.761 INFO [main] org.apache.catalina.startup.HostConfig.deployDirectory Deployment of web application directory [E:\PD\Repo\progdistrib2018\JavaApp\apache-tomcat-9.0.8\webapps\ROOT] has finished in [22] ms
05-Jun-2018 21:22:06.763 INFO [main] org.apache.coyote.AbstractProtocol.start Starting ProtocolHandler ["http-nio-8080"]
05-Jun-2018 21:22:06.776 INFO [main] org.apache.coyote.AbstractProtocol.start Starting ProtocolHandler ["ajp-nio-8009"]
05-Jun-2018 21:22:06.779 INFO [main] org.apache.catalina.startup.Catalina.start Server startup in 829 ms
05-Jun-2018 21:23:29.332 INFO [Thread-4] org.apache.coyote.AbstractProtocol.pause Pausing ProtocolHandler ["http-nio-8080"]
05-Jun-2018 21:23:29.457 INFO [Thread-4] org.apache.coyote.AbstractProtocol.pause Pausing ProtocolHandler ["ajp-nio-8009"]
05-Jun-2018 21:23:29.566 INFO [Thread-4] org.apache.catalina.core.StandardService.stopInternal Stopping service [Catalina]
05-Jun-2018 21:23:29.597 INFO [Thread-4] org.apache.coyote.AbstractProtocol.stop Stopping ProtocolHandler ["http-nio-8080"]
05-Jun-2018 21:23:29.612 INFO [Thread-4] org.apache.coyote.AbstractProtocol.stop Stopping ProtocolHandler ["ajp-nio-8009"]
05-Jun-2018 21:23:29.612 INFO [Thread-4] org.apache.coyote.AbstractProtocol.destroy Destroying ProtocolHandler ["http-nio-8080"]
05-Jun-2018 21:23:29.612 INFO [Thread-4] org.apache.coyote.AbstractProtocol.destroy Destroying ProtocolHandler ["ajp-nio-8009"]
05-Jun-2018 21:23:33.289 INFO [main] org.apache.catalina.startup.VersionLoggerListener.log Server version:        Apache Tomcat/9.0.8
05-Jun-2018 21:23:33.304 INFO [main] org.apache.catalina.startup.VersionLoggerListener.log Server built:          Apr 27 2018 19:32:00 UTC
05-Jun-2018 21:23:33.304 INFO [main] org.apache.catalina.startup.VersionLoggerListener.log Server number:         9.0.8.0
05-Jun-2018 21:23:33.304 INFO [main] org.apache.catalina.startup.VersionLoggerListener.log OS Name:               Windows 10
05-Jun-2018 21:23:33.304 INFO [main] org.apache.catalina.startup.VersionLoggerListener.log OS Version:            10.0
05-Jun-2018 21:23:33.304 INFO [main] org.apache.catalina.startup.VersionLoggerListener.log Architecture:          amd64
05-Jun-2018 21:23:33.304 INFO [main] org.apache.catalina.startup.VersionLoggerListener.log Java Home:             C:\Program Files\Java\jdk-10.0.1
05-Jun-2018 21:23:33.304 INFO [main] org.apache.catalina.startup.VersionLoggerListener.log JVM Version:           10.0.1+10
05-Jun-2018 21:23:33.304 INFO [main] org.apache.catalina.startup.VersionLoggerListener.log JVM Vendor:            "Oracle Corporation"
05-Jun-2018 21:23:33.304 INFO [main] org.apache.catalina.startup.VersionLoggerListener.log CATALINA_BASE:         E:\PD\Repo\progdistrib2018\JavaApp\apache-tomcat-9.0.8
05-Jun-2018 21:23:33.304 INFO [main] org.apache.catalina.startup.VersionLoggerListener.log CATALINA_HOME:         E:\PD\Repo\progdistrib2018\JavaApp\apache-tomcat-9.0.8
05-Jun-2018 21:23:33.304 INFO [main] org.apache.catalina.startup.VersionLoggerListener.log Command line argument: --add-opens=java.base/java.lang=ALL-UNNAMED
05-Jun-2018 21:23:33.304 INFO [main] org.apache.catalina.startup.VersionLoggerListener.log Command line argument: --add-opens=java.base/java.io=ALL-UNNAMED
05-Jun-2018 21:23:33.304 INFO [main] org.apache.catalina.startup.VersionLoggerListener.log Command line argument: --add-opens=java.rmi/sun.rmi.transport=ALL-UNNAMED
05-Jun-2018 21:23:33.304 INFO [main] org.apache.catalina.startup.VersionLoggerListener.log Command line argument: -Djava.util.logging.config.file=E:\PD\Repo\progdistrib2018\JavaApp\apache-tomcat-9.0.8\conf\logging.properties
05-Jun-2018 21:23:33.304 INFO [main] org.apache.catalina.startup.VersionLoggerListener.log Command line argument: -Djava.util.logging.manager=org.apache.juli.ClassLoaderLogManager
05-Jun-2018 21:23:33.304 INFO [main] org.apache.catalina.startup.VersionLoggerListener.log Command line argument: -Djdk.tls.ephemeralDHKeySize=2048
05-Jun-2018 21:23:33.304 INFO [main] org.apache.catalina.startup.VersionLoggerListener.log Command line argument: -Djava.protocol.handler.pkgs=org.apache.catalina.webresources
05-Jun-2018 21:23:33.304 INFO [main] org.apache.catalina.startup.VersionLoggerListener.log Command line argument: -Dignore.endorsed.dirs=
05-Jun-2018 21:23:33.304 INFO [main] org.apache.catalina.startup.VersionLoggerListener.log Command line argument: -Dcatalina.base=E:\PD\Repo\progdistrib2018\JavaApp\apache-tomcat-9.0.8
05-Jun-2018 21:23:33.304 INFO [main] org.apache.catalina.startup.VersionLoggerListener.log Command line argument: -Dcatalina.home=E:\PD\Repo\progdistrib2018\JavaApp\apache-tomcat-9.0.8
05-Jun-2018 21:23:33.304 INFO [main] org.apache.catalina.startup.VersionLoggerListener.log Command line argument: -Djava.io.tmpdir=E:\PD\Repo\progdistrib2018\JavaApp\apache-tomcat-9.0.8\temp
05-Jun-2018 21:23:33.304 INFO [main] org.apache.catalina.core.AprLifecycleListener.lifecycleEvent The APR based Apache Tomcat Native library which allows optimal performance in production environments was not found on the java.library.path: [C:\Program Files\Java\jdk-10.0.1\bin;C:\WINDOWS\Sun\Java\bin;C:\WINDOWS\system32;C:\WINDOWS;C:\ProgramData\Oracle\Java\javapath;C:\Program Files (x86)\Common Files\Oracle\Java\javapath;C:\Program Files\Microsoft MPI\Bin\;C:\Program Files (x86)\Intel\Intel(R) Management Engine Components\iCLS\;C:\Program Files\Intel\Intel(R) Management Engine Components\iCLS\;C:\WINDOWS\system32;C:\WINDOWS;C:\WINDOWS\System32\Wbem;C:\WINDOWS\System32\WindowsPowerShell\v1.0\;C:\WINDOWS\System32\OpenSSH\;C:\Program Files\dotnet\;C:\Program Files\Microsoft SQL Server\130\Tools\Binn\;C:\Program Files\nodejs\;C:\Program Files (x86)\Yarn\bin\;C:\Program Files\Git\cmd;C:\Program Files (x86)\Intel\Intel(R) Management Engine Components\DAL;C:\Program Files\Intel\Intel(R) Management Engine Components\DAL;C:\Program Files (x86)\Intel\Intel(R) Management Engine Components\IPT;C:\Program Files\Intel\Intel(R) Management Engine Components\IPT;C:\Program Files (x86)\Microsoft SQL Server\Client SDK\ODBC\130\Tools\Binn\;C:\Program Files (x86)\Microsoft SQL Server\140\Tools\Binn\;C:\Program Files (x86)\Microsoft SQL Server\140\DTS\Binn\;C:\Program Files (x86)\Microsoft SQL Server\140\Tools\Binn\ManagementStudio\;C:\Program Files\Microsoft SQL Server\140\Tools\Binn\;C:\Program Files\Microsoft SQL Server\140\DTS\Binn\;C:\Program Files\Microsoft SQL Server\Client SDK\ODBC\130\Tools\Binn\;C:\Users\seedbr4d\AppData\Local\Microsoft\WindowsApps;C:\Program Files\Microsoft VS Code\bin;C:\Users\seedbr4d\AppData\Roaming\npm;C:\Users\seedbr4d\AppData\Local\Yarn\bin;C:\Program Files\Java\jdk-10.0.1\bin;.]
05-Jun-2018 21:23:33.351 INFO [main] org.apache.coyote.AbstractProtocol.init Initializing ProtocolHandler ["http-nio-8080"]
05-Jun-2018 21:23:33.429 INFO [main] org.apache.tomcat.util.net.NioSelectorPool.getSharedSelector Using a shared selector for servlet write/read
05-Jun-2018 21:23:33.429 INFO [main] org.apache.coyote.AbstractProtocol.init Initializing ProtocolHandler ["ajp-nio-8009"]
05-Jun-2018 21:23:33.429 INFO [main] org.apache.tomcat.util.net.NioSelectorPool.getSharedSelector Using a shared selector for servlet write/read
05-Jun-2018 21:23:33.429 INFO [main] org.apache.catalina.startup.Catalina.load Initialization processed in 513 ms
05-Jun-2018 21:23:33.492 INFO [main] org.apache.catalina.core.StandardService.startInternal Starting service [Catalina]
05-Jun-2018 21:23:33.492 INFO [main] org.apache.catalina.core.StandardEngine.startInternal Starting Servlet Engine: Apache Tomcat/9.0.8
05-Jun-2018 21:23:33.507 INFO [main] org.apache.catalina.startup.HostConfig.deployWAR Deploying web application archive [E:\PD\Repo\progdistrib2018\JavaApp\apache-tomcat-9.0.8\webapps\sumJSP.war]
05-Jun-2018 21:23:33.539 INFO [main] org.apache.catalina.startup.ExpandWar.expand An expanded directory [E:\PD\Repo\progdistrib2018\JavaApp\apache-tomcat-9.0.8\webapps\sumJSP] was found with a last modified time that did not match the associated WAR. It will be deleted.
05-Jun-2018 21:23:33.885 INFO [main] org.apache.catalina.startup.HostConfig.deployWAR Deployment of web application archive [E:\PD\Repo\progdistrib2018\JavaApp\apache-tomcat-9.0.8\webapps\sumJSP.war] has finished in [378] ms
05-Jun-2018 21:23:33.885 INFO [main] org.apache.catalina.startup.HostConfig.deployDirectory Deploying web application directory [E:\PD\Repo\progdistrib2018\JavaApp\apache-tomcat-9.0.8\webapps\docs]
05-Jun-2018 21:23:33.901 INFO [main] org.apache.catalina.startup.HostConfig.deployDirectory Deployment of web application directory [E:\PD\Repo\progdistrib2018\JavaApp\apache-tomcat-9.0.8\webapps\docs] has finished in [16] ms
05-Jun-2018 21:23:33.901 INFO [main] org.apache.catalina.startup.HostConfig.deployDirectory Deploying web application directory [E:\PD\Repo\progdistrib2018\JavaApp\apache-tomcat-9.0.8\webapps\examples]
05-Jun-2018 21:23:34.107 INFO [main] org.apache.catalina.startup.HostConfig.deployDirectory Deployment of web application directory [E:\PD\Repo\progdistrib2018\JavaApp\apache-tomcat-9.0.8\webapps\examples] has finished in [206] ms
05-Jun-2018 21:23:34.107 INFO [main] org.apache.catalina.startup.HostConfig.deployDirectory Deploying web application directory [E:\PD\Repo\progdistrib2018\JavaApp\apache-tomcat-9.0.8\webapps\host-manager]
05-Jun-2018 21:23:34.138 INFO [main] org.apache.catalina.startup.HostConfig.deployDirectory Deployment of web application directory [E:\PD\Repo\progdistrib2018\JavaApp\apache-tomcat-9.0.8\webapps\host-manager] has finished in [31] ms
05-Jun-2018 21:23:34.138 INFO [main] org.apache.catalina.startup.HostConfig.deployDirectory Deploying web application directory [E:\PD\Repo\progdistrib2018\JavaApp\apache-tomcat-9.0.8\webapps\manager]
05-Jun-2018 21:23:34.154 INFO [main] org.apache.catalina.startup.HostConfig.deployDirectory Deployment of web application directory [E:\PD\Repo\progdistrib2018\JavaApp\apache-tomcat-9.0.8\webapps\manager] has finished in [16] ms
05-Jun-2018 21:23:34.154 INFO [main] org.apache.catalina.startup.HostConfig.deployDirectory Deploying web application directory [E:\PD\Repo\progdistrib2018\JavaApp\apache-tomcat-9.0.8\webapps\ROOT]
05-Jun-2018 21:23:34.170 INFO [main] org.apache.catalina.startup.HostConfig.deployDirectory Deployment of web application directory [E:\PD\Repo\progdistrib2018\JavaApp\apache-tomcat-9.0.8\webapps\ROOT] has finished in [16] ms
05-Jun-2018 21:23:34.170 INFO [main] org.apache.coyote.AbstractProtocol.start Starting ProtocolHandler ["http-nio-8080"]
05-Jun-2018 21:23:34.185 INFO [main] org.apache.coyote.AbstractProtocol.start Starting ProtocolHandler ["ajp-nio-8009"]
05-Jun-2018 21:23:34.185 INFO [main] org.apache.catalina.startup.Catalina.start Server startup in 748 ms
